[2025-04-07 08:28:57] Bắt đầu xử lý đơn hàng
[2025-04-07 08:28:57] Thêm sản phẩm: Biti's Hunter Street x Vietmax 2020 - BST HaNoi Culture Patchwork Old Wall Yellow. - ID kích thước: 7, ID màu sắc: 7
[2025-04-07 08:49:55] Bắt đầu xử lý đơn hàng
[2025-04-07 08:49:55] Thêm sản phẩm: Biti's Hunter Street x Vietmax 2020 - BST HaNoi Culture Patchwork Old Wall Yellow. - ID kích thước: 7, ID màu sắc: 8
[2025-04-08 05:14:08] Bắt đầu xử lý đơn hàng
[2025-04-08 05:14:08] Thêm sản phẩm: guốc - ID kích thước: 7, ID màu sắc: 2
[2025-04-08 12:03:30] Bắt đầu xử lý đơn hàng
[2025-04-08 12:03:30] Thêm sản phẩm: Biti's Hunter Street x Vietmax 2020 - BST HaNoi Culture Patchwork Old Wall Yellow. - ID kích thước: 10, ID màu sắc: 10
[2025-04-08 12:06:37] Bắt đầu xử lý đơn hàng
[2025-04-08 12:06:37] Thêm sản phẩm: Biti's Hunter Street x Vietmax 2020 - BST HaNoi Culture Patchwork Old Wall Yellow. - ID kích thước: 1, ID màu sắc: 7
[2025-04-08 12:16:47] Bắt đầu xử lý đơn hàng
[2025-04-08 12:16:47] Thêm sản phẩm: Biti's Hunter Street x Vietmax 2020 - BST HaNoi Culture Patchwork Old Wall Yellow. - ID kích thước: 1, ID màu sắc: 7
[2025-04-08 15:39:04] Bắt đầu xử lý đơn hàng
[2025-04-08 15:39:04] Thêm sản phẩm: giày vans - ID kích thước: 8, ID màu sắc: 8
[2025-04-08 15:39:04] Thêm sản phẩm: giày vans - ID kích thước: 8, ID màu sắc: 4
[2025-04-08 15:48:18] Bắt đầu xử lý đơn hàng
[2025-04-08 15:48:18] Thêm sản phẩm: giày vans - ID kích thước: 3, ID màu sắc: 2
[2025-04-08 17:13:03] Bắt đầu xử lý đơn hàng
[2025-04-08 17:13:03] Thêm sản phẩm: dép tổ ong - ID kích thước: 7, ID màu sắc: 2
[2025-04-08 17:30:07] Bắt đầu xử lý đơn hàng
[2025-04-08 17:30:07] Thêm sản phẩm: Biti's Hunter Street x Vietmax 2020 - BST HaNoi Culture Patchwork Old Wall Yellow. - ID kích thước: 1, ID màu sắc: 9
[2025-04-08 17:50:15] Bắt đầu xử lý đơn hàng
[2025-04-08 17:50:15] Thêm sản phẩm: Biti's Hunter Street x Vietmax 2020 - BST HaNoi Culture Patchwork Old Wall Yellow. - ID kích thước: 1, ID màu sắc: 7
[2025-04-08 18:02:28] Bắt đầu xử lý đơn hàng
[2025-04-08 18:02:28] Thêm sản phẩm: dép tổ ong - ID kích thước: 7, ID màu sắc: 2
[2025-04-08 18:10:18] Bắt đầu xử lý đơn hàng
[2025-04-08 18:10:18] Thêm sản phẩm: dép tổ ong - ID kích thước: 4, ID màu sắc: 2
[2025-04-08 18:11:54] Bắt đầu xử lý đơn hàng
[2025-04-08 18:11:54] Thêm sản phẩm: giày vans - ID kích thước: 6, ID màu sắc: 2
[2025-04-08 18:18:11] Bắt đầu xử lý đơn hàng
[2025-04-08 18:18:11] Thêm sản phẩm: dép tổ ong - ID kích thước: 2, ID màu sắc: 2
[2025-04-09 07:28:55] Bắt đầu xử lý đơn hàng
[2025-04-09 07:32:32] Bắt đầu xử lý đơn hàng
[2025-04-09 07:35:27] Bắt đầu xử lý đơn hàng
[2025-04-09 07:35:29] Bắt đầu xử lý đơn hàng
[2025-04-09 07:36:16] Bắt đầu xử lý đơn hàng
[2025-04-09 07:36:41] Bắt đầu xử lý đơn hàng
[2025-04-09 07:42:09] Bắt đầu xử lý đơn hàng
[2025-04-09 07:42:09] Thêm sản phẩm: Biti's Hunter Street x Vietmax 2020 - BST HaNoi Culture Patchwork Old Wall Yellow. - ID kích thước: 2, ID màu sắc: 2
[2025-04-09 12:02:19] Bắt đầu xử lý đơn hàng
[2025-04-09 12:02:19] Thêm sản phẩm: Biti's Hunter Street x Vietmax 2020 - BST HaNoi Culture Patchwork Old Wall Yellow. - ID kích thước: 1, ID màu sắc: 9
[2025-04-09 17:06:49] Bắt đầu xử lý đơn hàng
[2025-04-09 17:24:35] Bắt đầu xử lý đơn hàng
[2025-04-09 17:31:25] Bắt đầu xử lý đơn hàng
[2025-04-09 17:31:25] Thêm sản phẩm: giày vans - ID kích thước: 3, ID màu sắc: 2
